Not Found: /img/create-a-white-color-bg-with-5-money-and-bank-icon-y2F3z5q_SxqkxazJYAiiGw-jTbWYJLrQcGJfPmQMPilYg.jpeg
Not Found: /favicon.ico2
2
Bad Request: /create-product/
dict_keys(['title', 'slug', 'category', 'brand', 'status', 'stock_qty', 'regular_price', 'sale_price', 'variation_attributes[]', 'variation_stock_Color_white', 'variation_regular_price_Color_white', 'variation_sale_price_Color_white', 'variation_purchase_price_Color_white', 'seo_title', 'seo_description', 'description', 'gallery_images[]', 'main_image', 'variation_image_Color_white'])
Saving Gallery Image 0: data:image/jpeg;base64,/9j/4AAQSkZJRgABAQAAAQABAAD/2wCEAAYEBQYFBAYGBQYHBwYIChAKCgkJChQODwwQFxQYGBcUFhYaHSUfGhsjHBYWICwgIyYnKSopGR8tMC0oMCUoKSgBBwcHCggKEwoKEygaFhooKCgoKCgoKCgoKCgoKCgoKCgoKCgoKCgoKCgoKCgoKCgoKCgoKCgoKCgoKCgoKCgoKP/AABEIAGQBLAMBEQACEQEDEQH/xAGiAAABBQEBAQEBAQAAAAAAAAAAAQIDBAUGBwgJCgsQAAIBAwMCBAMFBQQEAAABfQECAwAEEQUSITFBBhNRYQcicRQygZGhCCNCscEVUtHwJDNicoIJChYXGBkaJSYnKCkqNDU2Nzg5OkNERUZHSElKU1RVVldYWVpjZGVmZ2hpanN0dXZ3eHl6g4SFhoeIiYqSk5SVlpeYmZqio6Slpqeoqaqys7S1tre4ubrCw8TFxsfIycrS09TV1tfY2drh4uPk5ebn6Onq8fLz9PX29/j5+gEAAwEBAQEBAQEBAQAAAAAAAAECAwQFBgcICQoLEQACAQIEBAMEBwUEBAABAncAAQIDEQQFITEGEkFRB2FxEyIygQgUQpGhscEJIzNS8BVictEKFiQ04SXxFxgZGiYnKCkqNTY3ODk6Q0RFRkdISUpTVFVWV1hZWmNkZWZnaGlqc3R1dnd4eXqCg4SFhoeIiYqSk5SVlpeYmZqio6Slpqeoqaqys7S1tre4ubrCw8TFxsfIycrS09TV1tfY2dri4+Tl5ufo6ery8/T19vf4+fr/2gAMAwEAAhEDEQA/APT0NAEq4xxTAkU4oAdnNACigANADCeaAEyKAAGgAzQAu6gBy0wJVNACigBcUAOU+tAiQMKAFznmkA8GgB2aACgA/CgAxQAlABigYYoATFACEUANIoAQoDQAmwUANKUwExQA0igBCtACYNAC4oATbQBQVRUgSqtMB4U0AO2e9ADSD60ANIoAMUAFABQAlADwcUAODCmA8HigBwNIBc0AOBoAXNAh4agB3mAUAL5o9KAHCX2oAcHzQAZzQAtAwoASgBKAEOKADAoAMUAJigBCtADSuaYCFDQA0g0AIaAG80AHNAFBTSAkWgCVRQAvNACYoAQigBpB7UAJg96AFoASgBDQAZxQA5WNAEimgBwoAdQA4UCFoAKAFx70AKDQA4GgB4NAxwNAAWoATNAAaAEJxQAmaADdQAZoAN1ACZzTAXigBKAE4oATAoAaVFAFBFzSAlC4oAetACmgBKAENADTntQAmfWgBCRQA3IoAQtTAbvFIADUwHrJQBKkgNICTI7UAKDQAbqBBuoAQyCgBplxQMBNQA9Zh60APEmaAHK9ADt3vTAXNIAoAKADFACgUAIRQAlMBcUAJQAhBoASgAxQBQXikBKucUAOoAWgANADaACgBOO9ADSoNACFBjimBUvzPFaySW1u9zKoysSMqlz6AsQB+JoAwf7enjH+maDrUDDqFtvP/WItQBSbx3osd8lnO1/BdOCVil064ViPXBTpQBa8R+J00Aq91puqS2hTzGureAPHGO+7nI/EUgG23i63uLdLi2sdXmiddysljJhh7EgCgC5D4v0tPD0GtXdyLTT5gCj3GFPPbAzk8dBmgC1Y+K9KvWtlSS4i+0kCB7i1lhSUnoFZ1AJPYZyaAILrxBqFs90ZfDWsPBCxCy2/kyeYo7hfMDc+mM0ATeHtfg1s3CR295aXFuwElteReVKoIyG25zg9j7GgCPUPE1jZ3FzGyXM0dpj7XPDHujtsjPznPXHJABwOuKAIPE+vzaPNYrDBZSw3AJ824vltx2xtyCW69cYHrzQBIs3iZwCNG0xQf72qN/SA0AZlhrevahrgsbGx0yWKJ9t3cw3cksdvjqpYxqGf/ZGcd8UAd0iMByaAH4xQA6mAoNADt1ABmgBwoAUUgA4oAbQAZoAXNACUAGKYBikBngUASAUAOFAC5FACGgBpoAQkUAJuFAC5zQAUAJuoAq6nqFrplhPe38yW9rCu+SVzgKKYHA+MvEEGp+EptQi0nV0jhxJZ3xSOJlkP3HQM4cgkgYC8g4waANzSfElvPaWcGtLJp+ozRqHhvIGhV3I5Csw2tzngEmgCLwAkbWmtGHYsbapcKqR4CqAQuAB06Z+ppAc1pen3N14YttGj0+1updH1GWOV53cGDYS0bqEZWJKsuMGgDXguLjWtWsLHxBCNIjtHS4js5JfMe8deVYSdCqnnaCWJAzgdQDpNd1bVbSeCDR9Fk1GWTlnacQxRj1LkHn2xn0oA5i4XxPo0euazNpcWpa1cQbImsrgGOBEB2LscK2ASScbiT6dKAJdQsdXg8CadY+G7WK5bUYfKvJJQyuGlX5pznHQlicjPSgDpLnQrm1Ol3OkSQtc2EH2Yxz5CzRELkbhkqcqCDg/SgDK8Zw+KdS0tLbTdMMW+QeeI71FMkfdA+QUB/vAE49KAJPCVhN4e8QNpJ3x2F1ZJc29s0u9beRTiWNCABj5kPAHc0wO1ORSASgBMUAOGMUwDigBRQA4UAOpAGKAExQAoAoAMUAJigBQDQAUAURxQAtABQAUABoAaaAGGgBuaAFoAMmgBRxQBX1OwtdVsJrK/iE1tMu10PcUAUbXwzpsF1Dcyrc3k8B3RNeXMk4jPqqsxVT7gZoA1L61t7+0ltr2GOe3lG145FyGH0oEZXhDw1ZeFdIOm6e0r23mvKvmYJXcc4yBzj35oAlt9Ht7TW77UoHkV7xEE0WRsLLwH6ZBxx17CgCe+s7W/tzBfW8VxCeqSoGH5GgZzPiHwxPJp6waFeXlvEXBntheOqyx85RWO7y+33QB2oAt6Z4dsfJign8N6PbwIPvDa0gP0CD892aANI6FHEP8AiX6jqdk3bZcmVR/wCXeo/ACgBynxDaE4k07Uox0DhraT8xvUn8FFAEo8RLCQNSsNRsz/AHjB5yf99RbgB/vYoAkh1rRL+aMx39hNNE2VHmqXQ4x0zkHFAGpvDAEcg+lABQAooAcRQAgFMBdtAD1FIB+KADFABtoATbQAuKADFABigA20AZ4FAC4NABzQAYoAawPagBnPvQAlABigBOaACgBMmgBQxFAhwegBCaAGl8UANLmgBu6kMTdQAoegB6vQBIsuKYEqy8c0ARzxwXA23EMUo9HUN/OgCCPTNNjOY9PtEPXKwqP6UAXgwAwOKAHbqAFBoAkUg0APBGKADdzQAu6gAzQAbqAAMKAF3CgBN1ACg0ALkUAU8CgA4oASgBDQAhoAQ0AMIFADaADNAASKAGkigBpNAgzQA0tQBHk5oAM4ouAwnPekAUDFJ96BADQAZPrQMkVjQBIrHvQBIrUwHbsUAOzQAu73oAUPQBIJDQAu+gA3mgBd5oAUNQAb6ADfQAm6gBVb3oAduoAr5pALTAKAGmgBDQA05NADSDQA00ANzQAbqAGk0ANyaAEzQAlABSARhmgCM8ck0CEDA9DQAu6gYZFAC0ALuIoAUPQA9XPamA8OaAHBz60AKGoAeGoAcGoAcHoAdmgABoAdnigANAAOaAFoAWgBc0AQ4pAGKYBzQAlABQAhNADSaAI2NADGNADcUANNABQA0mgBKQC5IoAM0ANIB60AM8pQ2QAD64pAJtNAhwFMYYoAXFACHNADgaYDt1ABvoAcHoEOBoAcGFADg+KBjw9ADg3FAChqAHBqAHbqAHBqADOaAFoAaBSAXFAwpiEoAaaAGkUANIFADMUAIVFADdtADStADSKAE2+lIBuKAEJoATNAC0AFIBMUwENABQA7aaADBoAQ8UANBzTELigAAoAdkjvQAZNAD1OaAHg0AODUDHBqAF3mgBwegBwbNADgaAHZoAUVIxwpgIetMBhoASgBKAExQA1qBDD1oASgBDQAw0gGmgBrUDGmgQlIBGNAB2pgAoATNADxQA7NAAaQhBTQCEUgE6U7gKDTADQACgBy0APFAADQA4UALQAooAcDQMfk0gHA0Af/2Q==
Processing attribute: Color:White
Processing attribute: Color - White
Error in creating product: [<class 'decimal.ConversionSyntax'>]
Not Found: /robots.txt
Internal Server Error: /get-attributes/
Traceback (most recent call last):
  File "/home/rrwkwtlx/virtualenv/caronebd/3.9/lib/python3.9/site-packages/django/core/handlers/exception.py", line 55, in inner
    response = get_response(request)
  File "/home/rrwkwtlx/virtualenv/caronebd/3.9/lib/python3.9/site-packages/django/core/handlers/base.py", line 197, in _get_response
    response = wrapped_callback(request, *callback_args, **callback_kwargs)
  File "/home/rrwkwtlx/caronebd/base/views.py", line 527, in get_attributes
    attrval = AttributeValue.objects.get(value=id)
  File "/home/rrwkwtlx/virtualenv/caronebd/3.9/lib/python3.9/site-packages/django/db/models/manager.py", line 87, in manager_method
    return getattr(self.get_queryset(), name)(*args, **kwargs)
  File "/home/rrwkwtlx/virtualenv/caronebd/3.9/lib/python3.9/site-packages/django/db/models/query.py", line 640, in get
    raise self.model.MultipleObjectsReturned(
base.models.AttributeValue.MultipleObjectsReturned: get() returned more than one AttributeValue -- it returned 2!
Internal Server Error: /get-attributes/
Traceback (most recent call last):
  File "/home/rrwkwtlx/virtualenv/caronebd/3.9/lib/python3.9/site-packages/django/core/handlers/exception.py", line 55, in inner
    response = get_response(request)
  File "/home/rrwkwtlx/virtualenv/caronebd/3.9/lib/python3.9/site-packages/django/core/handlers/base.py", line 197, in _get_response
    response = wrapped_callback(request, *callback_args, **callback_kwargs)
  File "/home/rrwkwtlx/caronebd/base/views.py", line 527, in get_attributes
    attrval = AttributeValue.objects.get(value=id)
  File "/home/rrwkwtlx/virtualenv/caronebd/3.9/lib/python3.9/site-packages/django/db/models/manager.py", line 87, in manager_method
    return getattr(self.get_queryset(), name)(*args, **kwargs)
  File "/home/rrwkwtlx/virtualenv/caronebd/3.9/lib/python3.9/site-packages/django/db/models/query.py", line 640, in get
    raise self.model.MultipleObjectsReturned(
base.models.AttributeValue.MultipleObjectsReturned: get() returned more than one AttributeValue -- it returned 2!
Internal Server Error: /get-attributes/
Traceback (most recent call last):
  File "/home/rrwkwtlx/virtualenv/caronebd/3.9/lib/python3.9/site-packages/django/core/handlers/exception.py", line 55, in inner
    response = get_response(request)
  File "/home/rrwkwtlx/virtualenv/caronebd/3.9/lib/python3.9/site-packages/django/core/handlers/base.py", line 197, in _get_response
    response = wrapped_callback(request, *callback_args, **callback_kwargs)
  File "/home/rrwkwtlx/caronebd/base/views.py", line 527, in get_attributes
    attrval = AttributeValue.objects.get(value=id)
  File "/home/rrwkwtlx/virtualenv/caronebd/3.9/lib/python3.9/site-packages/django/db/models/manager.py", line 87, in manager_method
    return getattr(self.get_queryset(), name)(*args, **kwargs)
  File "/home/rrwkwtlx/virtualenv/caronebd/3.9/lib/python3.9/site-packages/django/db/models/query.py", line 640, in get
    raise self.model.MultipleObjectsReturned(
base.models.AttributeValue.MultipleObjectsReturned: get() returned more than one AttributeValue -- it returned 2!
{}
2
2
Not Found: /favicon.ico
Not Found: /favicon.ico
Not Found: /wp-admin/setup-config.php
Not Found: /wp-admin/setup-config.php
Not Found: /wordpress/wp-admin/setup-config.php
Not Found: /wordpress/wp-admin/setup-config.php
<QuerySet [<Product: Castrol Magnetic Oil>, <Product: Car Door Handle Nickel Cover for Toyota Allion & Premio>]>
-id
None
<QuerySet [<Product: Car Number Card Frame Carbon Fiber TRD: Stylish Protection for Your License Plate>]>
-id
None
<QuerySet []>
-id
None
<QuerySet []>
-id
None
<QuerySet [<Product: Hkk>]>
-id
None
<QuerySet []>
-id
None
<QuerySet []>
-id
None
<QuerySet [<Product: Testing hk >, <Product: Ramdom>, <Product: Hkkmm>, <Product: Hkk last test>, <Product: Hhnnn>]>
-id
None
<QuerySet []>
-id
None
<QuerySet []>
-id
None
<QuerySet []>
-id
None
<QuerySet []>
-id
None
<QuerySet []>
-id
None
<QuerySet []>
-id
None
<QuerySet []>
-id
None
<QuerySet []>
-id
None
<QuerySet []>
-id
None
<QuerySet []>
-id
None
<QuerySet []>
-id
None
<QuerySet []>
-id
None
<QuerySet []>
-id
None
<QuerySet []>
-id
None
<QuerySet []>
-id
None
<QuerySet [<Product: Variation product >]>
-id
None
<QuerySet []>
-id
None
<QuerySet []>
-id
None
<QuerySet []>
-id
None
<QuerySet []>
-id
None
<QuerySet []>
-id
None
Not Found: /favicon.ico
Not Found: /ads.txt
Not Found: /wp-includes/wlwmanifest.xml
Not Found: /xmlrpc.php
Not Found: /blog/wp-includes/wlwmanifest.xml
Not Found: /web/wp-includes/wlwmanifest.xml
Not Found: /wordpress/wp-includes/wlwmanifest.xml
Not Found: /website/wp-includes/wlwmanifest.xml
Not Found: /wp/wp-includes/wlwmanifest.xml
Not Found: /news/wp-includes/wlwmanifest.xml
Not Found: /2020/wp-includes/wlwmanifest.xml
Not Found: /2019/wp-includes/wlwmanifest.xml
Not Found: /shop/wp-includes/wlwmanifest.xml
Not Found: /wp1/wp-includes/wlwmanifest.xml
Not Found: /test/wp-includes/wlwmanifest.xml
Not Found: /wp2/wp-includes/wlwmanifest.xml
Not Found: /site/wp-includes/wlwmanifest.xml
Not Found: /cms/wp-includes/wlwmanifest.xml
Not Found: /sito/wp-includes/wlwmanifest.xml
Not Found: /wp-includes/wlwmanifest.xml
Not Found: /xmlrpc.php
Not Found: /blog/wp-includes/wlwmanifest.xml
Not Found: /web/wp-includes/wlwmanifest.xml
Not Found: /wordpress/wp-includes/wlwmanifest.xml
Not Found: /website/wp-includes/wlwmanifest.xml
Not Found: /wp/wp-includes/wlwmanifest.xml
Not Found: /news/wp-includes/wlwmanifest.xml
Not Found: /2018/wp-includes/wlwmanifest.xml
Not Found: /2019/wp-includes/wlwmanifest.xml
Not Found: /shop/wp-includes/wlwmanifest.xml
Not Found: /wp1/wp-includes/wlwmanifest.xml
Not Found: /test/wp-includes/wlwmanifest.xml
Not Found: /media/wp-includes/wlwmanifest.xml
Not Found: /wp2/wp-includes/wlwmanifest.xml
Not Found: /site/wp-includes/wlwmanifest.xml
Not Found: /cms/wp-includes/wlwmanifest.xml
Not Found: /sito/wp-includes/wlwmanifest.xml
Not Found: /robots.txt
Not Found: /robots.txt
Not Found: /sitemap.xml.gz
Not Found: /sitemap.xml
Not Found: /sitemap_index.xml
Not Found: /sitemap.xml.gz
Not Found: /sitemaps.xml
Not Found: /sitemaps.xml
Not Found: /sitemap.txt
Not Found: /sitemap.xml
Not Found: /sitemap_index.xml
Not Found: /sitemap.txt
Not Found: /atom.xml
Not Found: /atom.xml
Not Found: /wp-admin/setup-config.php
Not Found: /wordpress/wp-admin/setup-config.php
Not Found: /wordpress/wp-admin/setup-config.php
Not Found: /wp-admin/setup-config.php
Not Found: /robots.txt
Not Found: /favicon.ico
Not Found: /favicon.ico
Not Found: /wordpress/wp-admin/setup-config.php
Not Found: /wp-admin/setup-config.php
Not Found: /wordpress/wp-admin/setup-config.php
Not Found: /robots.txt
Not Found: /ads.txt
Not Found: /sellers.json
Not Found: /robots.txt
Not Found: /miraj-v1.html
Not Found: /favicon.ico
2
Not Found: /robots.txt
Not Found: /ads.txt
Not Found: /robots.txt
Not Found: /ads.txt
Not Found: /llms.txt
{}
<QuerySet []>
-id
None
{}
<QuerySet []>
-id
None
Not Found: /wordpress/wp-admin/setup-config.php
Not Found: /wp-admin/setup-config.php
Not Found: /wp-admin/setup-config.php
Not Found: /favicon.ico
{}
Not Found: /wp-includes/wlwmanifest.xml
Not Found: /xmlrpc.php
Not Found: /blog/wp-includes/wlwmanifest.xml
Not Found: /web/wp-includes/wlwmanifest.xml
Not Found: /wordpress/wp-includes/wlwmanifest.xml
Not Found: /website/wp-includes/wlwmanifest.xml
Not Found: /wp/wp-includes/wlwmanifest.xml
Not Found: /news/wp-includes/wlwmanifest.xml
Not Found: /2018/wp-includes/wlwmanifest.xml
Not Found: /2019/wp-includes/wlwmanifest.xml
Not Found: /shop/wp-includes/wlwmanifest.xml
Not Found: /wp1/wp-includes/wlwmanifest.xml
Not Found: /test/wp-includes/wlwmanifest.xml
Not Found: /media/wp-includes/wlwmanifest.xml
Not Found: /wp2/wp-includes/wlwmanifest.xml
Not Found: /site/wp-includes/wlwmanifest.xml
Not Found: /cms/wp-includes/wlwmanifest.xml
Not Found: /sito/wp-includes/wlwmanifest.xml
Not Found: /robots.txt
{}
{}
Not Found: /brands/black-odor
2
Not Found: /favicon.ico
2
2
2
{}
2
2
2
2
2
2
2
2
Bad Request: /create-product/
Bad Request: /create-product/
dict_keys(['title', 'slug', 'category', 'brand', 'status', 'stock_qty', 'regular_price', 'sale_price', 'variation_attributes[]', 'variation_stock_Style_trd', 'variation_regular_price_Style_trd', 'variation_sale_price_Style_trd', 'variation_purchase_price_Style_trd', 'variation_stock_Style_sports', 'variation_regular_price_Style_sports', 'variation_sale_price_Style_sports', 'variation_purchase_price_Style_sports', 'seo_title', 'seo_description', 'description', 'gallery_images[]', 'main_image', 'variation_image_Style_trd', 'variation_image_Style_sports'])
Error in creating product: Brand matching query does not exist.
dict_keys(['title', 'slug', 'category', 'brand', 'status', 'stock_qty', 'regular_price', 'sale_price', 'variation_attributes[]', 'variation_stock_Style_trd', 'variation_regular_price_Style_trd', 'variation_sale_price_Style_trd', 'variation_purchase_price_Style_trd', 'variation_stock_Style_sports', 'variation_regular_price_Style_sports', 'variation_sale_price_Style_sports', 'variation_purchase_price_Style_sports', 'seo_title', 'seo_description', 'description', 'gallery_images[]', 'main_image', 'variation_image_Style_trd', 'variation_image_Style_sports'])
Error in creating product: Brand matching query does not exist.
Bad Request: /create-product/
dict_keys(['title', 'slug', 'category', 'brand', 'status', 'stock_qty', 'regular_price', 'sale_price', 'variation_attributes[]', 'variation_stock_Style_trd', 'variation_regular_price_Style_trd', 'variation_sale_price_Style_trd', 'variation_purchase_price_Style_trd', 'variation_stock_Style_sports', 'variation_regular_price_Style_sports', 'variation_sale_price_Style_sports', 'variation_purchase_price_Style_sports', 'seo_title', 'seo_description', 'description', 'gallery_images[]', 'main_image', 'variation_image_Style_trd', 'variation_image_Style_sports'])
Error in creating product: Brand matching query does not exist.
{}
2
{}
2
2
Not Found: /robots.txt
{}
{}
{}
Not Found: /xmlrpc.php
Not Found: /brands/mazda
{}
Not Found: /robots.txt
{}
{}
Not Found: /robots.txt
Not Found: /favicon.ico
Not Found: /brands/bullsone
Not Found: /brands/Gucci
Not Found: /brands/liqui-moly
Not Found: /brands/toyota
2
{}
2
Not Found: /brands/3m
Not Found: /brands/audi
Not Found: /brands/hyundai
Not Found: /brands/denso
Not Found: /brands/hoco
Not Found: /brands/getsun
Not Found: /brands/carall
Not Found: /brands/pioneer
Not Found: /brands/kenwood
Not Found: /brands/jbl
Not Found: /brands/piaa
Not Found: /brands/joyroom
Not Found: /brands/tanger
Not Found: /brands/sandisk
Not Found: /brands/Lounuv
Not Found: /brands/honda
Not Found: /None
<QuerySet []>
-id
None
<QuerySet []>
-id
None
<QuerySet []>
-id
None
<QuerySet []>
-id
None
<QuerySet []>
-id
None
<QuerySet []>
-id
None
<QuerySet []>
-id
None
<QuerySet []>
-id
None
<QuerySet []>
-id
None
<QuerySet []>
-id
None
<QuerySet []>
-id
None
<QuerySet []>
-id
None
<QuerySet []>
-id
None
<QuerySet []>
-id
None
<QuerySet []>
-id
None
<QuerySet []>
-id
None
<QuerySet []>
-id
None
<QuerySet []>
-id
None
<QuerySet []>
-id
None
<QuerySet []>
-id
None
<QuerySet []>
-id
None
<QuerySet []>
-id
None
<QuerySet []>
-id
None
<QuerySet []>
-id
None
<QuerySet []>
-id
None
<QuerySet []>
-id
None
<QuerySet []>
-id
None
<QuerySet [<Product: Hk testing two>]>
-id
None
<QuerySet []>
-id
None
<QuerySet []>
-id
None
<QuerySet []>
-id
None
<QuerySet []>
-id
None
<QuerySet []>
-id
None
<QuerySet [<Product: Osama bin laden>, <Product: Hello hello>, <Product: Nnfjrnfn>]>
-id
None
<QuerySet []>
-id
None
<QuerySet []>
-id
None
{}
<QuerySet [<Product: Hk test 1>, <Product: Hll>, <Product: Hook>]>
-id
None
{}
<QuerySet []>
-id
None
{}
<QuerySet [<Product: Powerful YueMi P5 LED Projector Fog Lamp - Ultra-Bright Visibility in Any Weather>, <Product: Car LED Projector Fog Lamp YueMi P5  -  Powerful  Ultra-Bright Visibility in Any Weather>]>
-id
None
{1: 33, 4: 33, 5: 33}
<QuerySet []>
-id
None
{}
<QuerySet []>
-id
None
{}
<QuerySet []>
-id
None
{}
<QuerySet []>
-id
None
{}
<QuerySet []>
-id
None
{}
<QuerySet [<Product: Liqui moly molygen New Generation>]>
-id
None
{}
<QuerySet []>
-id
None
{}
<QuerySet []>
-id
None
{}
<QuerySet []>
-id
None
{}
<QuerySet []>
-id
None
{}
<QuerySet [<Product: Another testing>]>
-id
None
{}
<QuerySet []>
-id
None
<QuerySet []>
-id
None
<QuerySet []>
-id
None
<QuerySet []>
-id
None
<QuerySet []>
-id
None
<QuerySet [<Product: Castrol Magnetic Oil>, <Product: Car Door Handle Nickel Cover for Toyota Allion & Premio>]>
-id
None
<QuerySet []>
-id
None
<QuerySet [<Product: Car Number Card Frame Carbon Fiber TRD: Stylish Protection for Your License Plate>]>
-id
None
<QuerySet []>
-id
None
<QuerySet []>
-id
None
<QuerySet []>
-id
None
<QuerySet []>
-id
None
<QuerySet []>
-id
None
<QuerySet []>
-id
None
<QuerySet []>
-id
None
<QuerySet []>
-id
None
<QuerySet []>
-id
None
<QuerySet []>
-id
None
<QuerySet []>
-id
None
<QuerySet []>
-id
None
<QuerySet []>
-id
None
<QuerySet []>
-id
None
<QuerySet []>
-id
None
<QuerySet []>
-id
None
<QuerySet []>
-id
None
<QuerySet []>
-id
None
<QuerySet []>
-id
None
<QuerySet []>
-id
None
<QuerySet []>
-id
None
<QuerySet []>
-id
None
<QuerySet []>
-id
None
<QuerySet []>
-id
None
<QuerySet []>
-id
None
<QuerySet [<Product: Hkk last test2>]>
-id
None
<QuerySet [<Product: Variation product >]>
-id
None
<QuerySet []>
-id
None
<QuerySet []>
-id
None
<QuerySet []>
-id
None
<QuerySet []>
-id
None
<QuerySet []>
-id
None
<QuerySet []>
-id
None
<QuerySet []>
-id
None
<QuerySet []>
-id
None
<QuerySet []>
-id
None
<QuerySet []>
-id
None
<QuerySet []>
-id
None
<QuerySet [<Product: Hkk>]>
-id
None
<QuerySet [<Product: Testing hk >, <Product: Ramdom>, <Product: Hkkmm>, <Product: Hkk last test>, <Product: Hhnnn>]>
-id
None
<QuerySet [<Product: Pugan 15A 60W Car Charger High-Quality & Fast Charging Support>]>
-id
None
<QuerySet []>
-id
None
<QuerySet [<Product: Nakamichi Android Player NAM-5850 -  Car Android Player with FHD Display And RAM-4GB, ROM-64GB>, <Product: Jnnn>, <Product: Nnfnfnfnnf>]>
-id
None
<QuerySet []>
-id
None
Not Found: /robots.txt
{}
Not Found: /brands/Gucci
Not Found: /robots.txt
Not Found: /brands/crown
Not Found: /favicon.ico
2
Not Found: /robots.txt
{}
Not Found: /brands/joyroom
Not Found: /robots.txt
Not Found: /robots.txt
Not Found: /sitemap.xml.gz
Not Found: /sitemap_index.xml
Not Found: /sitemap.xml
Not Found: /sitemaps.xml
Not Found: /sitemap.txt
Not Found: /sitemap.xml.gz
Not Found: /sitemaps.xml
Not Found: /sitemap_index.xml
Not Found: /sitemap.txt
Not Found: /sitemap.xml
Not Found: /wp-admin/setup-config.php
Not Found: /wordpress/wp-admin/setup-config.php
Not Found: /wp-admin/setup-config.php
Not Found: /wordpress/wp-admin/setup-config.php
Not Found: /robots.txt
{}
Not Found: /favicon.ico
Not Found: /brands/hyundai
Not Found: /robots.txt
Not Found: /brands/dipetane
Not Found: /brands/kenwood
{}
{}
Not Found: /robots.txt
Not Found: /brands/tanger
<QuerySet [<Product: Castrol Magnetic Oil>, <Product: Car Door Handle Nickel Cover for Toyota Allion & Premio>]>
-id
None
<QuerySet [<Product: Car Number Card Frame Carbon Fiber TRD: Stylish Protection for Your License Plate>]>
-id
None
<QuerySet []>
-id
None
<QuerySet []>
-id
None
<QuerySet []>
-id
None
<QuerySet []>
-id
None
<QuerySet []>
-id
None
<QuerySet []>
-id
None
<QuerySet []>
-id
None
<QuerySet []>
-id
None
<QuerySet []>
-id
None
<QuerySet []>
-id
None
<QuerySet []>
-id
None
<QuerySet []>
-id
None
<QuerySet [<Product: Hkk last test2>]>
-id
None
<QuerySet []>
-id
None
<QuerySet []>
-id
None
<QuerySet []>
-id
None
<QuerySet []>
-id
None
<QuerySet []>
-id
None
<QuerySet []>
-id
None
Not Found: /wp-admin/setup-config.php
Not Found: /wp-admin/setup-config.php
Not Found: /wordpress/wp-admin/setup-config.php
Not Found: /brands/bullsone
{}
Not Found: /robots.txt
Not Found: /brands/flamingo
Not Found: /brands/liqui-moly
{}
Not Found: /robots.txt
Not Found: /robots.txt
Not Found: /brands/getsun
Not Found: /robots.txt
2
2
2
2
2
2
2
Not Found: /favicon.ico
2
2
{}
2
2
<QuerySet []>
-id
None
2
<QuerySet [<Product: Castrol Magnetic Oil>, <Product: Car Door Handle Nickel Cover for Toyota Allion & Premio>]>
-id
None
2
<QuerySet [<Product: Car Number Card Frame Carbon Fiber TRD: Stylish Protection for Your License Plate>]>
-id
None
2
<QuerySet []>
-id
None
2
<QuerySet [<Product: Pugan 15A 60W Car Charger High-Quality & Fast Charging Support>]>
-id
None
2
<QuerySet []>
-id
None
2
<QuerySet []>
-id
None
2
<QuerySet [<Product: Liqui moly molygen New Generation>]>
-id
None
2
<QuerySet []>
-id
None
2
2
2
2
<QuerySet []>
-id
None
2
2
Not Found: /brands/shell
2
<QuerySet []>
-id
None
2
<QuerySet []>
-id
None
2
<QuerySet []>
-id
None
2
<QuerySet [<Product: Castrol Magnetic Oil>, <Product: Car Door Handle Nickel Cover for Toyota Allion & Premio>]>
-id
None
2
<QuerySet []>
-id
None
2
2
Not Found: /brands/alpine
Not Found: /brands/audi
Not Found: /brands/nakamichi
Not Found: /brands/lenovo
Not Found: /brands/leno
Not Found: /bran
Not Found: /brands/toyota
Not Found: /brands/shell
<QuerySet []>
-id
None
2
2
2
2
2
2
2
2
2
2
2
{1: 33, 4: 33, 5: 33}
2
2
{}
2
Internal Server Error: /cart
Traceback (most recent call last):
  File "/home/rrwkwtlx/virtualenv/caronebd/3.9/lib/python3.9/site-packages/django/template/base.py", line 880, in _resolve_lookup
    current = current[bit]
TypeError: 'NoneType' object is not subscriptable

During handling of the above exception, another exception occurred:

Traceback (most recent call last):
  File "/home/rrwkwtlx/virtualenv/caronebd/3.9/lib/python3.9/site-packages/django/template/base.py", line 890, in _resolve_lookup
    current = getattr(current, bit)
AttributeError: 'NoneType' object has no attribute 'discount_price'

During handling of the above exception, another exception occurred:

Traceback (most recent call last):
  File "/home/rrwkwtlx/virtualenv/caronebd/3.9/lib/python3.9/site-packages/django/template/base.py", line 896, in _resolve_lookup
    current = current[int(bit)]
ValueError: invalid literal for int() with base 10: 'discount_price'

During handling of the above exception, another exception occurred:

Traceback (most recent call last):
  File "/home/rrwkwtlx/virtualenv/caronebd/3.9/lib/python3.9/site-packages/django/core/handlers/exception.py", line 55, in inner
    response = get_response(request)
  File "/home/rrwkwtlx/virtualenv/caronebd/3.9/lib/python3.9/site-packages/django/core/handlers/base.py", line 197, in _get_response
    response = wrapped_callback(request, *callback_args, **callback_kwargs)
  File "/home/rrwkwtlx/caronebd/base/views.py", line 216, in cart
    return render(request, 'cart.html', context)
  File "/home/rrwkwtlx/virtualenv/caronebd/3.9/lib/python3.9/site-packages/django/shortcuts.py", line 24, in render
    content = loader.render_to_string(template_name, context, request, using=using)
  File "/home/rrwkwtlx/virtualenv/caronebd/3.9/lib/python3.9/site-packages/django/template/loader.py", line 62, in render_to_string
    return template.render(context, request)
  File "/home/rrwkwtlx/virtualenv/caronebd/3.9/lib/python3.9/site-packages/django/template/backends/django.py", line 61, in render
    return self.template.render(context)
  File "/home/rrwkwtlx/virtualenv/caronebd/3.9/lib/python3.9/site-packages/django/template/base.py", line 175, in render
    return self._render(context)
  File "/home/rrwkwtlx/virtualenv/caronebd/3.9/lib/python3.9/site-packages/django/template/base.py", line 167, in _render
    return self.nodelist.render(context)
  File "/home/rrwkwtlx/virtualenv/caronebd/3.9/lib/python3.9/site-packages/django/template/base.py", line 1005, in render
    return SafeString("".join([node.render_annotated(context) for node in self]))
  File "/home/rrwkwtlx/virtualenv/caronebd/3.9/lib/python3.9/site-packages/django/template/base.py", line 1005, in <listcomp>
    return SafeString("".join([node.render_annotated(context) for node in self]))
  File "/home/rrwkwtlx/virtualenv/caronebd/3.9/lib/python3.9/site-packages/django/template/base.py", line 966, in render_annotated
    return self.render(context)
  File "/home/rrwkwtlx/virtualenv/caronebd/3.9/lib/python3.9/site-packages/django/template/loader_tags.py", line 157, in render
    return compiled_parent._render(context)
  File "/home/rrwkwtlx/virtualenv/caronebd/3.9/lib/python3.9/site-packages/django/template/base.py", line 167, in _render
    return self.nodelist.render(context)
  File "/home/rrwkwtlx/virtualenv/caronebd/3.9/lib/python3.9/site-packages/django/template/base.py", line 1005, in render
    return SafeString("".join([node.render_annotated(context) for node in self]))
  File "/home/rrwkwtlx/virtualenv/caronebd/3.9/lib/python3.9/site-packages/django/template/base.py", line 1005, in <listcomp>
    return SafeString("".join([node.render_annotated(context) for node in self]))
  File "/home/rrwkwtlx/virtualenv/caronebd/3.9/lib/python3.9/site-packages/django/template/base.py", line 966, in render_annotated
    return self.render(context)
  File "/home/rrwkwtlx/virtualenv/caronebd/3.9/lib/python3.9/site-packages/django/template/loader_tags.py", line 63, in render
    result = block.nodelist.render(context)
  File "/home/rrwkwtlx/virtualenv/caronebd/3.9/lib/python3.9/site-packages/django/template/base.py", line 1005, in render
    return SafeString("".join([node.render_annotated(context) for node in self]))
  File "/home/rrwkwtlx/virtualenv/caronebd/3.9/lib/python3.9/site-packages/django/template/base.py", line 1005, in <listcomp>
    return SafeString("".join([node.render_annotated(context) for node in self]))
  File "/home/rrwkwtlx/virtualenv/caronebd/3.9/lib/python3.9/site-packages/django/template/base.py", line 966, in render_annotated
    return self.render(context)
  File "/home/rrwkwtlx/virtualenv/caronebd/3.9/lib/python3.9/site-packages/django/template/defaulttags.py", line 321, in render
    return nodelist.render(context)
  File "/home/rrwkwtlx/virtualenv/caronebd/3.9/lib/python3.9/site-packages/django/template/base.py", line 1005, in render
    return SafeString("".join([node.render_annotated(context) for node in self]))
  File "/home/rrwkwtlx/virtualenv/caronebd/3.9/lib/python3.9/site-packages/django/template/base.py", line 1005, in <listcomp>
    return SafeString("".join([node.render_annotated(context) for node in self]))
  File "/home/rrwkwtlx/virtualenv/caronebd/3.9/lib/python3.9/site-packages/django/template/base.py", line 966, in render_annotated
    return self.render(context)
  File "/home/rrwkwtlx/virtualenv/caronebd/3.9/lib/python3.9/site-packages/django/template/defaulttags.py", line 238, in render
    nodelist.append(node.render_annotated(context))
  File "/home/rrwkwtlx/virtualenv/caronebd/3.9/lib/python3.9/site-packages/django/template/base.py", line 966, in render_annotated
    return self.render(context)
  File "/home/rrwkwtlx/virtualenv/caronebd/3.9/lib/python3.9/site-packages/django/template/base.py", line 1064, in render
    output = self.filter_expression.resolve(context)
  File "/home/rrwkwtlx/virtualenv/caronebd/3.9/lib/python3.9/site-packages/django/template/base.py", line 736, in resolve
    arg_vals.append(arg.resolve(context))
  File "/home/rrwkwtlx/virtualenv/caronebd/3.9/lib/python3.9/site-packages/django/template/base.py", line 847, in resolve
    value = self._resolve_lookup(context)
  File "/home/rrwkwtlx/virtualenv/caronebd/3.9/lib/python3.9/site-packages/django/template/base.py", line 903, in _resolve_lookup
    raise VariableDoesNotExist(
django.template.base.VariableDoesNotExist: Failed lookup for key [discount_price] in None
Internal Server Error: /cart
Traceback (most recent call last):
  File "/home/rrwkwtlx/virtualenv/caronebd/3.9/lib/python3.9/site-packages/django/template/base.py", line 880, in _resolve_lookup
    current = current[bit]
TypeError: 'NoneType' object is not subscriptable

During handling of the above exception, another exception occurred:

Traceback (most recent call last):
  File "/home/rrwkwtlx/virtualenv/caronebd/3.9/lib/python3.9/site-packages/django/template/base.py", line 890, in _resolve_lookup
    current = getattr(current, bit)
AttributeError: 'NoneType' object has no attribute 'discount_price'

During handling of the above exception, another exception occurred:

Traceback (most recent call last):
  File "/home/rrwkwtlx/virtualenv/caronebd/3.9/lib/python3.9/site-packages/django/template/base.py", line 896, in _resolve_lookup
    current = current[int(bit)]
ValueError: invalid literal for int() with base 10: 'discount_price'

During handling of the above exception, another exception occurred:

Traceback (most recent call last):
  File "/home/rrwkwtlx/virtualenv/caronebd/3.9/lib/python3.9/site-packages/django/core/handlers/exception.py", line 55, in inner
    response = get_response(request)
  File "/home/rrwkwtlx/virtualenv/caronebd/3.9/lib/python3.9/site-packages/django/core/handlers/base.py", line 197, in _get_response
    response = wrapped_callback(request, *callback_args, **callback_kwargs)
  File "/home/rrwkwtlx/caronebd/base/views.py", line 216, in cart
    return render(request, 'cart.html', context)
  File "/home/rrwkwtlx/virtualenv/caronebd/3.9/lib/python3.9/site-packages/django/shortcuts.py", line 24, in render
    content = loader.render_to_string(template_name, context, request, using=using)
  File "/home/rrwkwtlx/virtualenv/caronebd/3.9/lib/python3.9/site-packages/django/template/loader.py", line 62, in render_to_string
    return template.render(context, request)
  File "/home/rrwkwtlx/virtualenv/caronebd/3.9/lib/python3.9/site-packages/django/template/backends/django.py", line 61, in render
    return self.template.render(context)
  File "/home/rrwkwtlx/virtualenv/caronebd/3.9/lib/python3.9/site-packages/django/template/base.py", line 175, in render
    return self._render(context)
  File "/home/rrwkwtlx/virtualenv/caronebd/3.9/lib/python3.9/site-packages/django/template/base.py", line 167, in _render
    return self.nodelist.render(context)
  File "/home/rrwkwtlx/virtualenv/caronebd/3.9/lib/python3.9/site-packages/django/template/base.py", line 1005, in render
    return SafeString("".join([node.render_annotated(context) for node in self]))
  File "/home/rrwkwtlx/virtualenv/caronebd/3.9/lib/python3.9/site-packages/django/template/base.py", line 1005, in <listcomp>
    return SafeString("".join([node.render_annotated(context) for node in self]))
  File "/home/rrwkwtlx/virtualenv/caronebd/3.9/lib/python3.9/site-packages/django/template/base.py", line 966, in render_annotated
    return self.render(context)
  File "/home/rrwkwtlx/virtualenv/caronebd/3.9/lib/python3.9/site-packages/django/template/loader_tags.py", line 157, in render
    return compiled_parent._render(context)
  File "/home/rrwkwtlx/virtualenv/caronebd/3.9/lib/python3.9/site-packages/django/template/base.py", line 167, in _render
    return self.nodelist.render(context)
  File "/home/rrwkwtlx/virtualenv/caronebd/3.9/lib/python3.9/site-packages/django/template/base.py", line 1005, in render
    return SafeString("".join([node.render_annotated(context) for node in self]))
  File "/home/rrwkwtlx/virtualenv/caronebd/3.9/lib/python3.9/site-packages/django/template/base.py", line 1005, in <listcomp>
    return SafeString("".join([node.render_annotated(context) for node in self]))
  File "/home/rrwkwtlx/virtualenv/caronebd/3.9/lib/python3.9/site-packages/django/template/base.py", line 966, in render_annotated
    return self.render(context)
  File "/home/rrwkwtlx/virtualenv/caronebd/3.9/lib/python3.9/site-packages/django/template/loader_tags.py", line 63, in render
    result = block.nodelist.render(context)
  File "/home/rrwkwtlx/virtualenv/caronebd/3.9/lib/python3.9/site-packages/django/template/base.py", line 1005, in render
    return SafeString("".join([node.render_annotated(context) for node in self]))
  File "/home/rrwkwtlx/virtualenv/caronebd/3.9/lib/python3.9/site-packages/django/template/base.py", line 1005, in <listcomp>
    return SafeString("".join([node.render_annotated(context) for node in self]))
  File "/home/rrwkwtlx/virtualenv/caronebd/3.9/lib/python3.9/site-packages/django/template/base.py", line 966, in render_annotated
    return self.render(context)
  File "/home/rrwkwtlx/virtualenv/caronebd/3.9/lib/python3.9/site-packages/django/template/defaulttags.py", line 321, in render
    return nodelist.render(context)
  File "/home/rrwkwtlx/virtualenv/caronebd/3.9/lib/python3.9/site-packages/django/template/base.py", line 1005, in render
    return SafeString("".join([node.render_annotated(context) for node in self]))
  File "/home/rrwkwtlx/virtualenv/caronebd/3.9/lib/python3.9/site-packages/django/template/base.py", line 1005, in <listcomp>
    return SafeString("".join([node.render_annotated(context) for node in self]))
  File "/home/rrwkwtlx/virtualenv/caronebd/3.9/lib/python3.9/site-packages/django/template/base.py", line 966, in render_annotated
    return self.render(context)
  File "/home/rrwkwtlx/virtualenv/caronebd/3.9/lib/python3.9/site-packages/django/template/defaulttags.py", line 238, in render
    nodelist.append(node.render_annotated(context))
  File "/home/rrwkwtlx/virtualenv/caronebd/3.9/lib/python3.9/site-packages/django/template/base.py", line 966, in render_annotated
    return self.render(context)
  File "/home/rrwkwtlx/virtualenv/caronebd/3.9/lib/python3.9/site-packages/django/template/base.py", line 1064, in render
    output = self.filter_expression.resolve(context)
  File "/home/rrwkwtlx/virtualenv/caronebd/3.9/lib/python3.9/site-packages/django/template/base.py", line 736, in resolve
    arg_vals.append(arg.resolve(context))
  File "/home/rrwkwtlx/virtualenv/caronebd/3.9/lib/python3.9/site-packages/django/template/base.py", line 847, in resolve
    value = self._resolve_lookup(context)
  File "/home/rrwkwtlx/virtualenv/caronebd/3.9/lib/python3.9/site-packages/django/template/base.py", line 903, in _resolve_lookup
    raise VariableDoesNotExist(
django.template.base.VariableDoesNotExist: Failed lookup for key [discount_price] in None
Internal Server Error: /cart
Traceback (most recent call last):
  File "/home/rrwkwtlx/virtualenv/caronebd/3.9/lib/python3.9/site-packages/django/template/base.py", line 880, in _resolve_lookup
    current = current[bit]
TypeError: 'NoneType' object is not subscriptable

During handling of the above exception, another exception occurred:

Traceback (most recent call last):
  File "/home/rrwkwtlx/virtualenv/caronebd/3.9/lib/python3.9/site-packages/django/template/base.py", line 890, in _resolve_lookup
    current = getattr(current, bit)
AttributeError: 'NoneType' object has no attribute 'discount_price'

During handling of the above exception, another exception occurred:

Traceback (most recent call last):
  File "/home/rrwkwtlx/virtualenv/caronebd/3.9/lib/python3.9/site-packages/django/template/base.py", line 896, in _resolve_lookup
    current = current[int(bit)]
ValueError: invalid literal for int() with base 10: 'discount_price'

During handling of the above exception, another exception occurred:

Traceback (most recent call last):
  File "/home/rrwkwtlx/virtualenv/caronebd/3.9/lib/python3.9/site-packages/django/core/handlers/exception.py", line 55, in inner
    response = get_response(request)
  File "/home/rrwkwtlx/virtualenv/caronebd/3.9/lib/python3.9/site-packages/django/core/handlers/base.py", line 197, in _get_response
    response = wrapped_callback(request, *callback_args, **callback_kwargs)
  File "/home/rrwkwtlx/caronebd/base/views.py", line 216, in cart
    return render(request, 'cart.html', context)
  File "/home/rrwkwtlx/virtualenv/caronebd/3.9/lib/python3.9/site-packages/django/shortcuts.py", line 24, in render
    content = loader.render_to_string(template_name, context, request, using=using)
  File "/home/rrwkwtlx/virtualenv/caronebd/3.9/lib/python3.9/site-packages/django/template/loader.py", line 62, in render_to_string
    return template.render(context, request)
  File "/home/rrwkwtlx/virtualenv/caronebd/3.9/lib/python3.9/site-packages/django/template/backends/django.py", line 61, in render
    return self.template.render(context)
  File "/home/rrwkwtlx/virtualenv/caronebd/3.9/lib/python3.9/site-packages/django/template/base.py", line 175, in render
    return self._render(context)
  File "/home/rrwkwtlx/virtualenv/caronebd/3.9/lib/python3.9/site-packages/django/template/base.py", line 167, in _render
    return self.nodelist.render(context)
  File "/home/rrwkwtlx/virtualenv/caronebd/3.9/lib/python3.9/site-packages/django/template/base.py", line 1005, in render
    return SafeString("".join([node.render_annotated(context) for node in self]))
  File "/home/rrwkwtlx/virtualenv/caronebd/3.9/lib/python3.9/site-packages/django/template/base.py", line 1005, in <listcomp>
    return SafeString("".join([node.render_annotated(context) for node in self]))
  File "/home/rrwkwtlx/virtualenv/caronebd/3.9/lib/python3.9/site-packages/django/template/base.py", line 966, in render_annotated
    return self.render(context)
  File "/home/rrwkwtlx/virtualenv/caronebd/3.9/lib/python3.9/site-packages/django/template/loader_tags.py", line 157, in render
    return compiled_parent._render(context)
  File "/home/rrwkwtlx/virtualenv/caronebd/3.9/lib/python3.9/site-packages/django/template/base.py", line 167, in _render
    return self.nodelist.render(context)
  File "/home/rrwkwtlx/virtualenv/caronebd/3.9/lib/python3.9/site-packages/django/template/base.py", line 1005, in render
    return SafeString("".join([node.render_annotated(context) for node in self]))
  File "/home/rrwkwtlx/virtualenv/caronebd/3.9/lib/python3.9/site-packages/django/template/base.py", line 1005, in <listcomp>
    return SafeString("".join([node.render_annotated(context) for node in self]))
  File "/home/rrwkwtlx/virtualenv/caronebd/3.9/lib/python3.9/site-packages/django/template/base.py", line 966, in render_annotated
    return self.render(context)
  File "/home/rrwkwtlx/virtualenv/caronebd/3.9/lib/python3.9/site-packages/django/template/loader_tags.py", line 63, in render
    result = block.nodelist.render(context)
  File "/home/rrwkwtlx/virtualenv/caronebd/3.9/lib/python3.9/site-packages/django/template/base.py", line 1005, in render
    return SafeString("".join([node.render_annotated(context) for node in self]))
  File "/home/rrwkwtlx/virtualenv/caronebd/3.9/lib/python3.9/site-packages/django/template/base.py", line 1005, in <listcomp>
    return SafeString("".join([node.render_annotated(context) for node in self]))
  File "/home/rrwkwtlx/virtualenv/caronebd/3.9/lib/python3.9/site-packages/django/template/base.py", line 966, in render_annotated
    return self.render(context)
  File "/home/rrwkwtlx/virtualenv/caronebd/3.9/lib/python3.9/site-packages/django/template/defaulttags.py", line 321, in render
    return nodelist.render(context)
  File "/home/rrwkwtlx/virtualenv/caronebd/3.9/lib/python3.9/site-packages/django/template/base.py", line 1005, in render
    return SafeString("".join([node.render_annotated(context) for node in self]))
  File "/home/rrwkwtlx/virtualenv/caronebd/3.9/lib/python3.9/site-packages/django/template/base.py", line 1005, in <listcomp>
    return SafeString("".join([node.render_annotated(context) for node in self]))
  File "/home/rrwkwtlx/virtualenv/caronebd/3.9/lib/python3.9/site-packages/django/template/base.py", line 966, in render_annotated
    return self.render(context)
  File "/home/rrwkwtlx/virtualenv/caronebd/3.9/lib/python3.9/site-packages/django/template/defaulttags.py", line 238, in render
    nodelist.append(node.render_annotated(context))
  File "/home/rrwkwtlx/virtualenv/caronebd/3.9/lib/python3.9/site-packages/django/template/base.py", line 966, in render_annotated
    return self.render(context)
  File "/home/rrwkwtlx/virtualenv/caronebd/3.9/lib/python3.9/site-packages/django/template/base.py", line 1064, in render
    output = self.filter_expression.resolve(context)
  File "/home/rrwkwtlx/virtualenv/caronebd/3.9/lib/python3.9/site-packages/django/template/base.py", line 736, in resolve
    arg_vals.append(arg.resolve(context))
  File "/home/rrwkwtlx/virtualenv/caronebd/3.9/lib/python3.9/site-packages/django/template/base.py", line 847, in resolve
    value = self._resolve_lookup(context)
  File "/home/rrwkwtlx/virtualenv/caronebd/3.9/lib/python3.9/site-packages/django/template/base.py", line 903, in _resolve_lookup
    raise VariableDoesNotExist(
django.template.base.VariableDoesNotExist: Failed lookup for key [discount_price] in None
4
2
3
3
3
{}
3
3
3
3
{}
3
Product matching query does not exist.
2
{}
2
<QuerySet []>
-id
None
4
4
4
4
4
4
Not Found: /wp-includes/wlwmanifest.xml
Not Found: /xmlrpc.php
4
Not Found: /blog/wp-includes/wlwmanifest.xml
Not Found: /web/wp-includes/wlwmanifest.xml
Not Found: /wordpress/wp-includes/wlwmanifest.xml
Not Found: /website/wp-includes/wlwmanifest.xml
Not Found: /wp/wp-includes/wlwmanifest.xml
Not Found: /news/wp-includes/wlwmanifest.xml
Not Found: /2020/wp-includes/wlwmanifest.xml
Not Found: /2019/wp-includes/wlwmanifest.xml
Not Found: /shop/wp-includes/wlwmanifest.xml
Not Found: /wp1/wp-includes/wlwmanifest.xml
Not Found: /test/wp-includes/wlwmanifest.xml
Not Found: /wp2/wp-includes/wlwmanifest.xml
Not Found: /site/wp-includes/wlwmanifest.xml
Not Found: /cms/wp-includes/wlwmanifest.xml
Not Found: /sito/wp-includes/wlwmanifest.xml
4
4
4
4
4
Not Found: /brands/toyota
Not Found: /brands/toyota
Not Found: /favicon.ico
4
4
4
Bad Request: /create-product/
Bad Request: /create-product/
Bad Request: /create-product/
Bad Request: /create-product/
dict_keys(['title', 'slug', 'category', 'brand', 'status', 'stock_qty', 'regular_price', 'sale_price', 'variation_attributes[]', 'variation_stock_Color_black', 'variation_regular_price_Color_black', 'variation_sale_price_Color_black', 'variation_purchase_price_Color_black', 'variation_stock_Color_blue', 'variation_regular_price_Color_blue', 'variation_sale_price_Color_blue', 'variation_purchase_price_Color_blue', 'variation_stock_Color_red', 'variation_regular_price_Color_red', 'variation_sale_price_Color_red', 'variation_purchase_price_Color_red', 'seo_title', 'seo_description', 'description', 'gallery_images[]', 'main_image', 'variation_image_Color_black', 'variation_image_Color_blue', 'variation_image_Color_red'])
Error in creating product: Brand matching query does not exist.
4
dict_keys(['title', 'slug', 'category', 'brand', 'status', 'stock_qty', 'regular_price', 'sale_price', 'variation_attributes[]', 'variation_stock_Color_black', 'variation_regular_price_Color_black', 'variation_sale_price_Color_black', 'variation_purchase_price_Color_black', 'variation_stock_Color_blue', 'variation_regular_price_Color_blue', 'variation_sale_price_Color_blue', 'variation_purchase_price_Color_blue', 'variation_stock_Color_red', 'variation_regular_price_Color_red', 'variation_sale_price_Color_red', 'variation_purchase_price_Color_red', 'seo_title', 'seo_description', 'description', 'gallery_images[]', 'main_image', 'variation_image_Color_black', 'variation_image_Color_blue', 'variation_image_Color_red'])
Error in creating product: Brand matching query does not exist.
dict_keys(['title', 'slug', 'category', 'brand', 'status', 'stock_qty', 'regular_price', 'sale_price', 'variation_attributes[]', 'variation_stock_Color_black', 'variation_regular_price_Color_black', 'variation_sale_price_Color_black', 'variation_purchase_price_Color_black', 'variation_stock_Color_blue', 'variation_regular_price_Color_blue', 'variation_sale_price_Color_blue', 'variation_purchase_price_Color_blue', 'variation_stock_Color_red', 'variation_regular_price_Color_red', 'variation_sale_price_Color_red', 'variation_purchase_price_Color_red', 'seo_title', 'seo_description', 'description', 'gallery_images[]', 'main_image', 'variation_image_Color_black', 'variation_image_Color_blue', 'variation_image_Color_red'])
Error in creating product: Brand matching query does not exist.
dict_keys(['title', 'slug', 'category', 'brand', 'status', 'stock_qty', 'regular_price', 'sale_price', 'variation_attributes[]', 'variation_stock_Color_black', 'variation_regular_price_Color_black', 'variation_sale_price_Color_black', 'variation_purchase_price_Color_black', 'variation_stock_Color_blue', 'variation_regular_price_Color_blue', 'variation_sale_price_Color_blue', 'variation_purchase_price_Color_blue', 'variation_stock_Color_red', 'variation_regular_price_Color_red', 'variation_sale_price_Color_red', 'variation_purchase_price_Color_red', 'seo_title', 'seo_description', 'description', 'gallery_images[]', 'main_image', 'variation_image_Color_black', 'variation_image_Color_blue', 'variation_image_Color_red'])
Error in creating product: Brand matching query does not exist.
Bad Request: /create-product/
Bad Request: /create-product/
Bad Request: /create-product/
Bad Request: /create-product/
dict_keys(['title', 'slug', 'category', 'brand', 'status', 'stock_qty', 'regular_price', 'sale_price', 'seo_title', 'seo_description', 'description', 'gallery_images[]', 'main_image'])
Error in creating product: Brand matching query does not exist.
dict_keys(['title', 'slug', 'category', 'brand', 'status', 'stock_qty', 'regular_price', 'sale_price', 'seo_title', 'seo_description', 'description', 'gallery_images[]', 'main_image'])
Error in creating product: Brand matching query does not exist.
dict_keys(['title', 'slug', 'category', 'brand', 'status', 'stock_qty', 'regular_price', 'sale_price', 'seo_title', 'seo_description', 'description', 'gallery_images[]', 'main_image'])
Error in creating product: Brand matching query does not exist.
dict_keys(['title', 'slug', 'category', 'brand', 'status', 'stock_qty', 'regular_price', 'sale_price', 'seo_title', 'seo_description', 'description', 'gallery_images[]', 'main_image'])
Error in creating product: Brand matching query does not exist.
Not Found: /media/system/js/core.js
Not Found: /wp-includes/js/jquery/jquery.js
Not Found: /wordpress/wp-admin/setup-config.php
Not Found: /wordpress/wp-admin/setup-config.php
Not Found: /wp-admin/setup-config.php
Not Found: /wp-admin/setup-config.php
Not Found: /sitemap_index.xml
Not Found: /sitemaps.xml
Not Found: /sitemap.txt
Not Found: /sitemap.xml
Not Found: /sitemaps.xml
Not Found: /sitemap.txt
Not Found: /sitemap.xml.gz
Not Found: /sitemap_index.xml
Not Found: /sitemap.xml.gz
Not Found: /sitemap.xml
Not Found: /wp-includes/wlwmanifest.xml
Not Found: /xmlrpc.php
Not Found: /blog/wp-includes/wlwmanifest.xml
Not Found: /web/wp-includes/wlwmanifest.xml
Not Found: /wordpress/wp-includes/wlwmanifest.xml
Not Found: /website/wp-includes/wlwmanifest.xml
Not Found: /wp/wp-includes/wlwmanifest.xml
Not Found: /news/wp-includes/wlwmanifest.xml
Not Found: /2018/wp-includes/wlwmanifest.xml
Not Found: /2019/wp-includes/wlwmanifest.xml
Not Found: /shop/wp-includes/wlwmanifest.xml
Not Found: /wp1/wp-includes/wlwmanifest.xml
Not Found: /test/wp-includes/wlwmanifest.xml
Not Found: /media/wp-includes/wlwmanifest.xml
Not Found: /wp2/wp-includes/wlwmanifest.xml
Not Found: /site/wp-includes/wlwmanifest.xml
Not Found: /cms/wp-includes/wlwmanifest.xml
Not Found: /sito/wp-includes/wlwmanifest.xml
Not Found: /favicon.ico
Not Found: /favicon.ico
Not Found: /wp-includes/wlwmanifest.xml
Not Found: /xmlrpc.php
Not Found: /blog/wp-includes/wlwmanifest.xml
Not Found: /web/wp-includes/wlwmanifest.xml
Not Found: /wordpress/wp-includes/wlwmanifest.xml
Not Found: /website/wp-includes/wlwmanifest.xml
Not Found: /wp/wp-includes/wlwmanifest.xml
Not Found: /news/wp-includes/wlwmanifest.xml
Not Found: /2018/wp-includes/wlwmanifest.xml
Not Found: /2019/wp-includes/wlwmanifest.xml
Not Found: /shop/wp-includes/wlwmanifest.xml
Not Found: /wp1/wp-includes/wlwmanifest.xml
Not Found: /test/wp-includes/wlwmanifest.xml
Not Found: /media/wp-includes/wlwmanifest.xml
Not Found: /wp2/wp-includes/wlwmanifest.xml
Not Found: /site/wp-includes/wlwmanifest.xml
Not Found: /cms/wp-includes/wlwmanifest.xml
Not Found: /sito/wp-includes/wlwmanifest.xml
4
