Traceback (most recent call last):
  File "/home/rrwkwtlx/caronebd/passenger_wsgi.py", line 2, in <module>
    import sy
ModuleNotFoundError: No module named 'sy'
Traceback (most recent call last):
  File "/home/rrwkwtlx/caronebd/passenger_wsgi.py", line 2, in <module>
    import sy
ModuleNotFoundError: No module named 'sy'
[UID:1092][199192] Child process with pid: 199202 was killed by signal: 15, core dumped: no
Traceback (most recent call last):
  File "/home/rrwkwtlx/caronebd/passenger_wsgi.py", line 2, in <module>
    import sy
ModuleNotFoundError: No module named 'sy'
[UID:1092][199192] Child process with pid: 199205 was killed by signal: 15, core dumped: no
Traceback (most recent call last):
  File "/home/rrwkwtlx/caronebd/passenger_wsgi.py", line 3, in <module>
    from careonebd.wsgi import application
ModuleNotFoundError: No module named 'careonebd'
Traceback (most recent call last):
  File "/home/rrwkwtlx/caronebd/passenger_wsgi.py", line 3, in <module>
    from careonebd.wsgi import application
ModuleNotFoundError: No module named 'careonebd'
[UID:1092][200059] Child process with pid: 200063 was killed by signal: 15, core dumped: no
Traceback (most recent call last):
  File "/home/rrwkwtlx/caronebd/passenger_wsgi.py", line 3, in <module>
    from careonebd.wsgi import application
ModuleNotFoundError: No module named 'careonebd'
[UID:1092][200059] Child process with pid: 200066 was killed by signal: 15, core dumped: no
Traceback (most recent call last):
  File "/home/rrwkwtlx/caronebd/passenger_wsgi.py", line 3, in <module>
    from careonebd.wsgi import application
ModuleNotFoundError: No module named 'careonebd'
[UID:1092][200059] Child process with pid: 200111 was killed by signal: 15, core dumped: no
Traceback (most recent call last):
  File "/home/rrwkwtlx/caronebd/passenger_wsgi.py", line 3, in <module>
    from careonebd.wsgi import application
ModuleNotFoundError: No module named 'careonebd'
[UID:1092][200059] Child process with pid: 200114 was killed by signal: 15, core dumped: no
Traceback (most recent call last):
  File "/home/rrwkwtlx/caronebd/passenger_wsgi.py", line 3, in <module>
    from careonebd.wsgi import application
ModuleNotFoundError: No module named 'careonebd'
[UID:1092][200059] Child process with pid: 200119 was killed by signal: 15, core dumped: no
Traceback (most recent call last):
  File "/home/rrwkwtlx/caronebd/passenger_wsgi.py", line 3, in <module>
    from careonebd.wsgi import application
ModuleNotFoundError: No module named 'careonebd'
[UID:1092][200059] Child process with pid: 200121 was killed by signal: 15, core dumped: no
Traceback (most recent call last):
  File "/home/rrwkwtlx/caronebd/passenger_wsgi.py", line 3, in <module>
    from careonebd.wsgi import application
ModuleNotFoundError: No module named 'careonebd'
[UID:1092][200059] Child process with pid: 200130 was killed by signal: 15, core dumped: no
Traceback (most recent call last):
  File "/home/rrwkwtlx/caronebd/passenger_wsgi.py", line 3, in <module>
    from careonebd.wsgi import application
ModuleNotFoundError: No module named 'careonebd'
[UID:1092][200059] Child process with pid: 200131 was killed by signal: 15, core dumped: no
Traceback (most recent call last):
  File "/home/rrwkwtlx/caronebd/passenger_wsgi.py", line 3, in <module>
    from careonebd.wsgi import application
ModuleNotFoundError: No module named 'careonebd'
[UID:1092][200059] Child process with pid: 200155 was killed by signal: 15, core dumped: no
Traceback (most recent call last):
  File "/home/rrwkwtlx/caronebd/passenger_wsgi.py", line 3, in <module>
    from careonebd.wsgi import application
ModuleNotFoundError: No module named 'careonebd'
[UID:1092][200059] Child process with pid: 200157 was killed by signal: 15, core dumped: no
Traceback (most recent call last):
  File "/home/rrwkwtlx/caronebd/passenger_wsgi.py", line 3, in <module>
    from careonebd.wsgi import application
ModuleNotFoundError: No module named 'careonebd'
[UID:1092][200059] Child process with pid: 200168 was killed by signal: 15, core dumped: no
Traceback (most recent call last):
  File "/home/rrwkwtlx/caronebd/passenger_wsgi.py", line 3, in <module>
    from careonebd.wsgi import application
ModuleNotFoundError: No module named 'careonebd'
[UID:1092][200059] Child process with pid: 200169 was killed by signal: 15, core dumped: no
Internal Server Error: /
Traceback (most recent call last):
  File "/home/rrwkwtlx/virtualenv/caronebd/3.9/lib/python3.9/site-packages/django/template/base.py", line 505, in parse
    compile_func = self.tags[command]
KeyError: 'endblock'

During handling of the above exception, another exception occurred:

Traceback (most recent call last):
  File "/home/rrwkwtlx/virtualenv/caronebd/3.9/lib/python3.9/site-packages/django/core/handlers/exception.py", line 55, in inner
    response = get_response(request)
  File "/home/rrwkwtlx/virtualenv/caronebd/3.9/lib/python3.9/site-packages/django/core/handlers/base.py", line 197, in _get_response
    response = wrapped_callback(request, *callback_args, **callback_kwargs)
  File "/home/rrwkwtlx/caronebd/base/views.py", line 38, in home
    return render(r, 'home.html', context)
  File "/home/rrwkwtlx/virtualenv/caronebd/3.9/lib/python3.9/site-packages/django/shortcuts.py", line 24, in render
    content = loader.render_to_string(template_name, context, request, using=using)
  File "/home/rrwkwtlx/virtualenv/caronebd/3.9/lib/python3.9/site-packages/django/template/loader.py", line 61, in render_to_string
    template = get_template(template_name, using=using)
  File "/home/rrwkwtlx/virtualenv/caronebd/3.9/lib/python3.9/site-packages/django/template/loader.py", line 15, in get_template
    return engine.get_template(template_name)
  File "/home/rrwkwtlx/virtualenv/caronebd/3.9/lib/python3.9/site-packages/django/template/backends/django.py", line 33, in get_template
    return Template(self.engine.get_template(template_name), self)
  File "/home/rrwkwtlx/virtualenv/caronebd/3.9/lib/python3.9/site-packages/django/template/engine.py", line 175, in get_template
    template, origin = self.find_template(template_name)
  File "/home/rrwkwtlx/virtualenv/caronebd/3.9/lib/python3.9/site-packages/django/template/engine.py", line 157, in find_template
    template = loader.get_template(name, skip=skip)
  File "/home/rrwkwtlx/virtualenv/caronebd/3.9/lib/python3.9/site-packages/django/template/loaders/cached.py", line 57, in get_template
    template = super().get_template(template_name, skip)
  File "/home/rrwkwtlx/virtualenv/caronebd/3.9/lib/python3.9/site-packages/django/template/loaders/base.py", line 28, in get_template
    return Template(
  File "/home/rrwkwtlx/virtualenv/caronebd/3.9/lib/python3.9/site-packages/django/template/base.py", line 154, in __init__
    self.nodelist = self.compile_nodelist()
  File "/home/rrwkwtlx/virtualenv/caronebd/3.9/lib/python3.9/site-packages/django/template/base.py", line 200, in compile_nodelist
    return parser.parse()
  File "/home/rrwkwtlx/virtualenv/caronebd/3.9/lib/python3.9/site-packages/django/template/base.py", line 513, in parse
    raise self.error(token, e)
  File "/home/rrwkwtlx/virtualenv/caronebd/3.9/lib/python3.9/site-packages/django/template/base.py", line 511, in parse
    compiled_result = compile_func(self, token)
  File "/home/rrwkwtlx/virtualenv/caronebd/3.9/lib/python3.9/site-packages/django/template/loader_tags.py", line 293, in do_extends
    nodelist = parser.parse()
  File "/home/rrwkwtlx/virtualenv/caronebd/3.9/lib/python3.9/site-packages/django/template/base.py", line 513, in parse
    raise self.error(token, e)
  File "/home/rrwkwtlx/virtualenv/caronebd/3.9/lib/python3.9/site-packages/django/template/base.py", line 511, in parse
    compiled_result = compile_func(self, token)
  File "/home/rrwkwtlx/virtualenv/caronebd/3.9/lib/python3.9/site-packages/django/template/loader_tags.py", line 232, in do_block
    nodelist = parser.parse(("endblock",))
  File "/home/rrwkwtlx/virtualenv/caronebd/3.9/lib/python3.9/site-packages/django/template/base.py", line 513, in parse
    raise self.error(token, e)
  File "/home/rrwkwtlx/virtualenv/caronebd/3.9/lib/python3.9/site-packages/django/template/base.py", line 511, in parse
    compiled_result = compile_func(self, token)
  File "/home/rrwkwtlx/virtualenv/caronebd/3.9/lib/python3.9/site-packages/django/template/defaulttags.py", line 953, in do_if
    nodelist = parser.parse(("elif", "else", "endif"))
  File "/home/rrwkwtlx/virtualenv/caronebd/3.9/lib/python3.9/site-packages/django/template/base.py", line 507, in parse
    self.invalid_block_tag(token, command, parse_until)
  File "/home/rrwkwtlx/virtualenv/caronebd/3.9/lib/python3.9/site-packages/django/template/base.py", line 558, in invalid_block_tag
    raise self.error(
django.template.exceptions.TemplateSyntaxError: Invalid block tag on line 287: 'endblock', expected 'elif', 'else' or 'endif'. Did you forget to register or load this tag?
Not Found: /favicon.ico
Not Found: /static/pay.png
Not Found: /static/quality.png
Not Found: /static/delivery.png
Not Found: /static/vendor/fontawesome-free/css/all.min.css
Not Found: /static/vendor/adminlte/css/adminlte.min.css
Not Found: /static/jazzmin/css/main.css
Not Found: /static/admin/js/vendor/jquery/jquery.js
Not Found: /static/vendor/adminlte/img/AdminLTELogo.png
Not Found: /static/vendor/bootstrap/js/bootstrap.min.js
Not Found: /static/vendor/adminlte/js/adminlte.min.js
Not Found: /static/vendor/adminlte/img/AdminLTELogo.png
{1: 33, 4: 33, 5: 33}
Not Found: /favicon.ico
Not Found: /favicon.ico
Not Found: /favicon.ico
Not Found: /favicon.ico
Not Found: /favicon.ico
Not Found: /favicon.ico
{1: 33, 4: 33, 5: 33}
1
Not Found: /favicon.ico
1
1
1
1
1
{1: 33, 4: 33, 5: 33}
Not Found: /favicon.ico
Not Found: /favicon.ico
Not Found: /favicon.ico
{1: 33, 4: 33, 5: 33}
{1: 33, 4: 33, 5: 33}
{1: 33, 4: 33, 5: 33}
Not Found: /category
Not Found: /brand
Not Found: /attributes
Not Found: /favicon.ico
Not Found: /favicon.ico
{}
{}
{}
Not Found: /brand
Not Found: /category
Not Found: /attributes
Not Found: /category
Not Found: /brand
Not Found: /attributes
Not Found: /favicon.ico
Not Found: /category
Not Found: /brand
Not Found: /attributes
Not Found: /category
Not Found: /brand
Not Found: /attributes
2
2
{}
2
2
2
2
2
{}
2
{}
2
2
2
{}
2
2
{}
2
{}
{}
2
2
Not Found: /favicon.ico
Not Found: /category
Not Found: /brand
Not Found: /attributes
2
{}
2
Not Found: /favicon.ico
Not Found: /favicon.ico
Not Found: /wordpress/wp-admin/setup-config.php
Not Found: /wordpress/wp-admin/setup-config.php
Not Found: /wp-admin/setup-config.php
Not Found: /wp-admin/setup-config.php
Not Found: /robots.txt
Not Found: /wordpress/wp-admin/setup-config.php
Not Found: /wordpress/wp-admin/setup-config.php
Not Found: /wp-admin/setup-config.php
Not Found: /wp-admin/setup-config.php
Not Found: /robots.txt
Not Found: /wp-admin/setup-config.php
Not Found: /wordpress/wp-admin/setup-config.php
Not Found: /wp-admin/setup-config.php
Not Found: /wordpress/wp-admin/setup-config.php
Not Found: /wp-includes/wlwmanifest.xml
Not Found: /xmlrpc.php
Not Found: /blog/wp-includes/wlwmanifest.xml
Not Found: /web/wp-includes/wlwmanifest.xml
Not Found: /wordpress/wp-includes/wlwmanifest.xml
Not Found: /website/wp-includes/wlwmanifest.xml
Not Found: /wp/wp-includes/wlwmanifest.xml
Not Found: /news/wp-includes/wlwmanifest.xml
Not Found: /2018/wp-includes/wlwmanifest.xml
Not Found: /2019/wp-includes/wlwmanifest.xml
Not Found: /shop/wp-includes/wlwmanifest.xml
Not Found: /wp1/wp-includes/wlwmanifest.xml
Not Found: /test/wp-includes/wlwmanifest.xml
Not Found: /media/wp-includes/wlwmanifest.xml
Not Found: /wp2/wp-includes/wlwmanifest.xml
Not Found: /site/wp-includes/wlwmanifest.xml
Not Found: /cms/wp-includes/wlwmanifest.xml
Not Found: /sito/wp-includes/wlwmanifest.xml
Not Found: /robots.txt
Not Found: /favicon.ico
Not Found: /favicon.ico
Not Found: /robots.txt
Not Found: /favicon.ico
Not Found: /favicon.ico
Not Found: /robots.txt
Not Found: /None
Not Found: /brands/castrol
Not Found: /None
Not Found: /brands/castrol
Not Found: /brands/castrol
Not Found: /None
Not Found: /None
Not Found: /brands/castrol
Not Found: /category/None
Not Found: /subcategory/None
Not Found: /category/None
Not Found: /subcategory/None
Not Found: /category/None
Not Found: /subcategory/None
Not Found: /category/None
Not Found: /subcategory/None
Not Found: /util/login.aspx
<QuerySet [<Product: Castrol Magnetic Oil>]>
-id
None
Product matching query does not exist.
{}
<QuerySet [<Product: Car Number Card Frame Carbon Fiber TRD: Stylish Protection for Your License Plate>]>
-id
None
<QuerySet [<Product: Car Number Card Frame Carbon Fiber TRD: Stylish Protection for Your License Plate>]>
-id
None
<QuerySet [<Product: Castrol Magnetic Oil>]>
-id
None
{}
{1: 33, 4: 33, 5: 33}
<QuerySet [<Product: Car Number Card Frame Carbon Fiber TRD: Stylish Protection for Your License Plate>]>
-id
None
<QuerySet [<Product: Castrol Magnetic Oil>]>
-id
None
Product matching query does not exist.
Product matching query does not exist.
{}
{1: 33, 4: 33, 5: 33}
<QuerySet [<Product: Car Number Card Frame Carbon Fiber TRD: Stylish Protection for Your License Plate>]>
-id
None
{1: 33, 4: 33, 5: 33}
<QuerySet [<Product: Castrol Magnetic Oil>]>
-id
None
{}
{1: 33, 4: 33, 5: 33}
Product matching query does not exist.
Not Found: /favicon.ico
Not Found: /ads.txt
Not Found: /favicon.ico
Not Found: /ads.txt
Not Found: /wordpress/wp-admin/setup-config.php
Not Found: /wordpress/wp-admin/setup-config.php
Not Found: /wp-admin/setup-config.php
Not Found: /wp-admin/setup-config.php
Not Found: /wp
Not Found: /wordpress
Not Found: /caronebd
Not Found: /wordpress
Not Found: /old
Not Found: /backup
Not Found: /new
Not Found: /test
Not Found: /wp
Not Found: /temp
Not Found: /blog
Not Found: /wp-admin/setup-config.php
Not Found: /wp-admin/setup-config.php
Not Found: /wordpress/wp-admin/setup-config.php
Not Found: /wordpress/wp-admin/setup-config.php
Not Found: /xmlrpc.php
Not Found: /favicon.ico
Not Found: /wp-admin/setup-config.php
Not Found: /wordpress/wp-admin/setup-config.php
Not Found: /wp-admin/setup-config.php
Not Found: /wordpress/wp-admin/setup-config.php
Not Found: /favicon.ico
2
2
2
2
Not Found: /favicon.ico
2
2
2
2
2
2
2
2
2
2
2
2
2
2
2
2
2
2
2
2
2
2
2
2
2
2
2
2
2
2
2
2
2
2
2
2
2
2
2
2
2
2
2
2
2
2
2
2
2
2
2
2
2
2
2
2
2
2
2
2
2
Not Found: /favicon.ico
2
{}
2
2
{}
2
2
2
Not Found: /favicon.ico
{}
2
Not Found: /favicon.ico
{}
Not Found: /favicon.ico
2
{}
2
2
2
{1: 33, 4: 33, 5: 33}
{}
2
{}
2
{}
2
2
Not Found: /order-management/
2
2
2
2
2
2
2
2
2
2
{}
2
2
2
2
Not Found: /wp-admin/setup-config.php
Not Found: /wordpress/wp-admin/setup-config.php
Not Found: /wordpress/wp-admin/setup-config.php
Not Found: /wp-admin/setup-config.php
Not Found: /wp-includes/wlwmanifest.xml
Not Found: /xmlrpc.php
Not Found: /blog/wp-includes/wlwmanifest.xml
Not Found: /web/wp-includes/wlwmanifest.xml
Not Found: /wordpress/wp-includes/wlwmanifest.xml
Not Found: /website/wp-includes/wlwmanifest.xml
Not Found: /wp/wp-includes/wlwmanifest.xml
Not Found: /news/wp-includes/wlwmanifest.xml
Not Found: /2018/wp-includes/wlwmanifest.xml
Not Found: /2019/wp-includes/wlwmanifest.xml
Not Found: /shop/wp-includes/wlwmanifest.xml
Not Found: /wp1/wp-includes/wlwmanifest.xml
Not Found: /test/wp-includes/wlwmanifest.xml
Not Found: /media/wp-includes/wlwmanifest.xml
Not Found: /wp2/wp-includes/wlwmanifest.xml
Not Found: /site/wp-includes/wlwmanifest.xml
Not Found: /cms/wp-includes/wlwmanifest.xml
Not Found: /sito/wp-includes/wlwmanifest.xml
Not Found: /favicon.ico
Not Found: /favicon.ico
Not Found: /favicon.ico
Not Found: /wp
Not Found: /wordpress
Not Found: /caronebd
Not Found: /wordpress
Not Found: /old
Not Found: /backup
Not Found: /new
Not Found: /test
Not Found: /wp
Not Found: /temp
Not Found: /blog
2
2
2
2
2
2
2
2
2
2
2
2
2
2
2
2
2
2
2
2
2
2
2
Not Found: /favicon.ico
2
Not Found: /wordpress/wp-admin/setup-config.php
Not Found: /wp-admin/setup-config.php
Not Found: /wp-admin/setup-config.php
Not Found: /wordpress/wp-admin/setup-config.php
2
2
2
2
2
2
2
2
2
2
2
2
2
2
2
2
2
2
2
2
2
2
2
Not Found: /favicon.ico
2
2
2
2
Not Found: /favicon.ico
Not Found: /favicon.ico
Not Found: /favicon.ico
Not Found: /favicon.ico
2
2
2
Not Found: /favicon.ico
Not Found: /wordpress/wp-admin/setup-config.php
Not Found: /wp-admin/setup-config.php
Not Found: /wordpress/wp-admin/setup-config.php
Not Found: /wp-admin/setup-config.php
2
2
2
2
2
2
2
2
2
2
2
2
2
2
2
2
2
2
2
2
{}
2
2
2
Internal Server Error: /create-product/
Traceback (most recent call last):
  File "/home/rrwkwtlx/virtualenv/caronebd/3.9/lib/python3.9/site-packages/django/db/models/fields/__init__.py", line 1741, in to_python
    decimal_value = decimal.Decimal(value)
decimal.InvalidOperation: [<class 'decimal.ConversionSyntax'>]

During handling of the above exception, another exception occurred:

Traceback (most recent call last):
  File "/home/rrwkwtlx/caronebd/base/views.py", line 564, in create_product
    product = Product.objects.create(
  File "/home/rrwkwtlx/virtualenv/caronebd/3.9/lib/python3.9/site-packages/django/db/models/manager.py", line 87, in manager_method
    return getattr(self.get_queryset(), name)(*args, **kwargs)
  File "/home/rrwkwtlx/virtualenv/caronebd/3.9/lib/python3.9/site-packages/django/db/models/query.py", line 658, in create
    obj.save(force_insert=True, using=self.db)
  File "/home/rrwkwtlx/caronebd/base/models.py", line 114, in save
    super().save(*args, **kwargs)
  File "/home/rrwkwtlx/virtualenv/caronebd/3.9/lib/python3.9/site-packages/django/db/models/base.py", line 814, in save
    self.save_base(
  File "/home/rrwkwtlx/virtualenv/caronebd/3.9/lib/python3.9/site-packages/django/db/models/base.py", line 877, in save_base
    updated = self._save_table(
  File "/home/rrwkwtlx/virtualenv/caronebd/3.9/lib/python3.9/site-packages/django/db/models/base.py", line 1020, in _save_table
    results = self._do_insert(
  File "/home/rrwkwtlx/virtualenv/caronebd/3.9/lib/python3.9/site-packages/django/db/models/base.py", line 1061, in _do_insert
    return manager._insert(
  File "/home/rrwkwtlx/virtualenv/caronebd/3.9/lib/python3.9/site-packages/django/db/models/manager.py", line 87, in manager_method
    return getattr(self.get_queryset(), name)(*args, **kwargs)
  File "/home/rrwkwtlx/virtualenv/caronebd/3.9/lib/python3.9/site-packages/django/db/models/query.py", line 1805, in _insert
    return query.get_compiler(using=using).execute_sql(returning_fields)
  File "/home/rrwkwtlx/virtualenv/caronebd/3.9/lib/python3.9/site-packages/django/db/models/sql/compiler.py", line 1821, in execute_sql
    for sql, params in self.as_sql():
  File "/home/rrwkwtlx/virtualenv/caronebd/3.9/lib/python3.9/site-packages/django/db/models/sql/compiler.py", line 1745, in as_sql
    value_rows = [
  File "/home/rrwkwtlx/virtualenv/caronebd/3.9/lib/python3.9/site-packages/django/db/models/sql/compiler.py", line 1746, in <listcomp>
    [
  File "/home/rrwkwtlx/virtualenv/caronebd/3.9/lib/python3.9/site-packages/django/db/models/sql/compiler.py", line 1747, in <listcomp>
    self.prepare_value(field, self.pre_save_val(field, obj))
  File "/home/rrwkwtlx/virtualenv/caronebd/3.9/lib/python3.9/site-packages/django/db/models/sql/compiler.py", line 1686, in prepare_value
    return field.get_db_prep_save(value, connection=self.connection)
  File "/home/rrwkwtlx/virtualenv/caronebd/3.9/lib/python3.9/site-packages/django/db/models/fields/__init__.py", line 1760, in get_db_prep_save
    self.to_python(value), self.max_digits, self.decimal_places
  File "/home/rrwkwtlx/virtualenv/caronebd/3.9/lib/python3.9/site-packages/django/db/models/fields/__init__.py", line 1743, in to_python
    raise exceptions.ValidationError(
django.core.exceptions.ValidationError: ['\u201c\u201d value must be a decimal number.']

During handling of the above exception, another exception occurred:

Traceback (most recent call last):
  File "/home/rrwkwtlx/virtualenv/caronebd/3.9/lib/python3.9/site-packages/django/core/handlers/exception.py", line 55, in inner
    response = get_response(request)
  File "/home/rrwkwtlx/virtualenv/caronebd/3.9/lib/python3.9/site-packages/django/core/handlers/base.py", line 197, in _get_response
    response = wrapped_callback(request, *callback_args, **callback_kwargs)
  File "/home/rrwkwtlx/virtualenv/caronebd/3.9/lib/python3.9/site-packages/django/views/decorators/csrf.py", line 56, in wrapper_view
    return view_func(*args, **kwargs)
  File "/home/rrwkwtlx/virtualenv/caronebd/3.9/lib/python3.9/site-packages/django/views/generic/base.py", line 104, in view
    return self.dispatch(request, *args, **kwargs)
  File "/home/rrwkwtlx/virtualenv/caronebd/3.9/lib/python3.9/site-packages/rest_framework/views.py", line 509, in dispatch
    response = self.handle_exception(exc)
  File "/home/rrwkwtlx/virtualenv/caronebd/3.9/lib/python3.9/site-packages/rest_framework/views.py", line 469, in handle_exception
    self.raise_uncaught_exception(exc)
  File "/home/rrwkwtlx/virtualenv/caronebd/3.9/lib/python3.9/site-packages/rest_framework/views.py", line 480, in raise_uncaught_exception
    raise exc
  File "/home/rrwkwtlx/virtualenv/caronebd/3.9/lib/python3.9/site-packages/rest_framework/views.py", line 506, in dispatch
    response = handler(request, *args, **kwargs)
  File "/home/rrwkwtlx/virtualenv/caronebd/3.9/lib/python3.9/site-packages/rest_framework/decorators.py", line 50, in handler
    return func(*args, **kwargs)
  File "/home/rrwkwtlx/caronebd/base/views.py", line 629, in create_product
    print("Error in creating product:", e)
UnicodeEncodeError: 'ascii' codec can't encode characters in position 2-3: ordinal not in range(128)
Internal Server Error: /create-product/
Traceback (most recent call last):
  File "/home/rrwkwtlx/virtualenv/caronebd/3.9/lib/python3.9/site-packages/django/db/models/fields/__init__.py", line 1741, in to_python
    decimal_value = decimal.Decimal(value)
decimal.InvalidOperation: [<class 'decimal.ConversionSyntax'>]

During handling of the above exception, another exception occurred:

Traceback (most recent call last):
  File "/home/rrwkwtlx/caronebd/base/views.py", line 564, in create_product
    product = Product.objects.create(
  File "/home/rrwkwtlx/virtualenv/caronebd/3.9/lib/python3.9/site-packages/django/db/models/manager.py", line 87, in manager_method
    return getattr(self.get_queryset(), name)(*args, **kwargs)
  File "/home/rrwkwtlx/virtualenv/caronebd/3.9/lib/python3.9/site-packages/django/db/models/query.py", line 658, in create
    obj.save(force_insert=True, using=self.db)
  File "/home/rrwkwtlx/caronebd/base/models.py", line 114, in save
    super().save(*args, **kwargs)
  File "/home/rrwkwtlx/virtualenv/caronebd/3.9/lib/python3.9/site-packages/django/db/models/base.py", line 814, in save
    self.save_base(
  File "/home/rrwkwtlx/virtualenv/caronebd/3.9/lib/python3.9/site-packages/django/db/models/base.py", line 877, in save_base
    updated = self._save_table(
  File "/home/rrwkwtlx/virtualenv/caronebd/3.9/lib/python3.9/site-packages/django/db/models/base.py", line 1020, in _save_table
    results = self._do_insert(
  File "/home/rrwkwtlx/virtualenv/caronebd/3.9/lib/python3.9/site-packages/django/db/models/base.py", line 1061, in _do_insert
    return manager._insert(
  File "/home/rrwkwtlx/virtualenv/caronebd/3.9/lib/python3.9/site-packages/django/db/models/manager.py", line 87, in manager_method
    return getattr(self.get_queryset(), name)(*args, **kwargs)
  File "/home/rrwkwtlx/virtualenv/caronebd/3.9/lib/python3.9/site-packages/django/db/models/query.py", line 1805, in _insert
    return query.get_compiler(using=using).execute_sql(returning_fields)
  File "/home/rrwkwtlx/virtualenv/caronebd/3.9/lib/python3.9/site-packages/django/db/models/sql/compiler.py", line 1821, in execute_sql
    for sql, params in self.as_sql():
  File "/home/rrwkwtlx/virtualenv/caronebd/3.9/lib/python3.9/site-packages/django/db/models/sql/compiler.py", line 1745, in as_sql
    value_rows = [
  File "/home/rrwkwtlx/virtualenv/caronebd/3.9/lib/python3.9/site-packages/django/db/models/sql/compiler.py", line 1746, in <listcomp>
    [
  File "/home/rrwkwtlx/virtualenv/caronebd/3.9/lib/python3.9/site-packages/django/db/models/sql/compiler.py", line 1747, in <listcomp>
    self.prepare_value(field, self.pre_save_val(field, obj))
  File "/home/rrwkwtlx/virtualenv/caronebd/3.9/lib/python3.9/site-packages/django/db/models/sql/compiler.py", line 1686, in prepare_value
    return field.get_db_prep_save(value, connection=self.connection)
  File "/home/rrwkwtlx/virtualenv/caronebd/3.9/lib/python3.9/site-packages/django/db/models/fields/__init__.py", line 1760, in get_db_prep_save
    self.to_python(value), self.max_digits, self.decimal_places
  File "/home/rrwkwtlx/virtualenv/caronebd/3.9/lib/python3.9/site-packages/django/db/models/fields/__init__.py", line 1743, in to_python
    raise exceptions.ValidationError(
django.core.exceptions.ValidationError: ['\u201c\u201d value must be a decimal number.']

During handling of the above exception, another exception occurred:

Traceback (most recent call last):
  File "/home/rrwkwtlx/virtualenv/caronebd/3.9/lib/python3.9/site-packages/django/core/handlers/exception.py", line 55, in inner
    response = get_response(request)
  File "/home/rrwkwtlx/virtualenv/caronebd/3.9/lib/python3.9/site-packages/django/core/handlers/base.py", line 197, in _get_response
    response = wrapped_callback(request, *callback_args, **callback_kwargs)
  File "/home/rrwkwtlx/virtualenv/caronebd/3.9/lib/python3.9/site-packages/django/views/decorators/csrf.py", line 56, in wrapper_view
    return view_func(*args, **kwargs)
  File "/home/rrwkwtlx/virtualenv/caronebd/3.9/lib/python3.9/site-packages/django/views/generic/base.py", line 104, in view
    return self.dispatch(request, *args, **kwargs)
  File "/home/rrwkwtlx/virtualenv/caronebd/3.9/lib/python3.9/site-packages/rest_framework/views.py", line 509, in dispatch
    response = self.handle_exception(exc)
  File "/home/rrwkwtlx/virtualenv/caronebd/3.9/lib/python3.9/site-packages/rest_framework/views.py", line 469, in handle_exception
    self.raise_uncaught_exception(exc)
  File "/home/rrwkwtlx/virtualenv/caronebd/3.9/lib/python3.9/site-packages/rest_framework/views.py", line 480, in raise_uncaught_exception
    raise exc
  File "/home/rrwkwtlx/virtualenv/caronebd/3.9/lib/python3.9/site-packages/rest_framework/views.py", line 506, in dispatch
    response = handler(request, *args, **kwargs)
  File "/home/rrwkwtlx/virtualenv/caronebd/3.9/lib/python3.9/site-packages/rest_framework/decorators.py", line 50, in handler
    return func(*args, **kwargs)
  File "/home/rrwkwtlx/caronebd/base/views.py", line 629, in create_product
    print("Error in creating product:", e)
UnicodeEncodeError: 'ascii' codec can't encode characters in position 2-3: ordinal not in range(128)
Not Found: /shop
2
Error in creating product: Error in creating product: 2
<QuerySet [<Product: Castrol Magnetic Oil>, <Product: Car Door Handle Nickel Cover for Toyota Allion & Premio>]>
-id
None
2
<QuerySet [<Product: Car Number Card Frame Carbon Fiber TRD: Stylish Protection for Your License Plate>]>
-id
None
2
<QuerySet [<Product: Car Number Card Frame Carbon Fiber TRD: Stylish Protection for Your License Plate>]>
-id
15
2
2
Not Found: /wordpress/wp-admin/setup-config.php
Not Found: /wp-admin/setup-config.php
Not Found: /wordpress/wp-admin/setup-config.php
Not Found: /wp-admin/setup-config.php
Not Found: /wp-includes/wlwmanifest.xml
Not Found: /xmlrpc.php
Not Found: /blog/wp-includes/wlwmanifest.xml
Not Found: /web/wp-includes/wlwmanifest.xml
Not Found: /wordpress/wp-includes/wlwmanifest.xml
Not Found: /website/wp-includes/wlwmanifest.xml
Not Found: /wp/wp-includes/wlwmanifest.xml
Not Found: /news/wp-includes/wlwmanifest.xml
Not Found: /2018/wp-includes/wlwmanifest.xml
Not Found: /2019/wp-includes/wlwmanifest.xml
Not Found: /shop/wp-includes/wlwmanifest.xml
Not Found: /wp1/wp-includes/wlwmanifest.xml
Not Found: /test/wp-includes/wlwmanifest.xml
Not Found: /media/wp-includes/wlwmanifest.xml
Not Found: /wp2/wp-includes/wlwmanifest.xml
Not Found: /site/wp-includes/wlwmanifest.xml
Not Found: /cms/wp-includes/wlwmanifest.xml
Not Found: /sito/wp-includes/wlwmanifest.xml
Not Found: /favicon.ico
Not Found: /favicon.ico
Not Found: /favicon.ico
2
2
Not Found: /robots.txt
Not Found: /favicon.ico
Not Found: /favicon.ico
2
2
Not Found: /wp-admin/setup-config.php
Not Found: /wordpress/wp-admin/setup-config.php
Not Found: /wp-admin/setup-config.php
Not Found: /wordpress/wp-admin/setup-config.php
Not Found: /wp-admin/setup-config.php
Not Found: /wp-admin/setup-config.php
Not Found: /wordpress/wp-admin/setup-config.php
Not Found: /wordpress/wp-admin/setup-config.php
Not Found: /wordpress/wp-admin/setup-config.php
Not Found: /wordpress/wp-admin/setup-config.php
Not Found: /wp-admin/setup-config.php
Not Found: /wp-admin/setup-config.php
Not Found: /favicon.ico
Not Found: /favicon.ico
Not Found: /favicon.ico
Not Found: /favicon.ico
Not Found: /wp-admin/setup-config.php
Not Found: /wordpress/wp-admin/setup-config.php
Not Found: /wordpress/wp-admin/setup-config.php
Not Found: /wp-admin/setup-config.php
Not Found: /wp-includes/wlwmanifest.xml
Not Found: /xmlrpc.php
Not Found: /blog/wp-includes/wlwmanifest.xml
Not Found: /web/wp-includes/wlwmanifest.xml
Not Found: /wordpress/wp-includes/wlwmanifest.xml
Not Found: /website/wp-includes/wlwmanifest.xml
Not Found: /wp/wp-includes/wlwmanifest.xml
Not Found: /news/wp-includes/wlwmanifest.xml
Not Found: /2018/wp-includes/wlwmanifest.xml
Not Found: /2019/wp-includes/wlwmanifest.xml
Not Found: /shop/wp-includes/wlwmanifest.xml
Not Found: /wp1/wp-includes/wlwmanifest.xml
Not Found: /test/wp-includes/wlwmanifest.xml
Not Found: /media/wp-includes/wlwmanifest.xml
Not Found: /wp2/wp-includes/wlwmanifest.xml
Not Found: /site/wp-includes/wlwmanifest.xml
Not Found: /cms/wp-includes/wlwmanifest.xml
Not Found: /sito/wp-includes/wlwmanifest.xml
Not Found: /wordpress/wp-admin/setup-config.php
Not Found: /wp-admin/setup-config.php
Not Found: /wp-admin/setup-config.php
Not Found: /wordpress/wp-admin/setup-config.php
Not Found: /wp-includes/wlwmanifest.xml
Not Found: /xmlrpc.php
Not Found: /blog/wp-includes/wlwmanifest.xml
Not Found: /web/wp-includes/wlwmanifest.xml
Not Found: /wordpress/wp-includes/wlwmanifest.xml
Not Found: /website/wp-includes/wlwmanifest.xml
Not Found: /wp/wp-includes/wlwmanifest.xml
Not Found: /news/wp-includes/wlwmanifest.xml
Not Found: /2018/wp-includes/wlwmanifest.xml
Not Found: /2019/wp-includes/wlwmanifest.xml
Not Found: /shop/wp-includes/wlwmanifest.xml
Not Found: /wp1/wp-includes/wlwmanifest.xml
Not Found: /test/wp-includes/wlwmanifest.xml
Not Found: /media/wp-includes/wlwmanifest.xml
Not Found: /wp2/wp-includes/wlwmanifest.xml
Not Found: /site/wp-includes/wlwmanifest.xml
Not Found: /cms/wp-includes/wlwmanifest.xml
Not Found: /sito/wp-includes/wlwmanifest.xml
Not Found: /wp-includes/wlwmanifest.xml
Not Found: /xmlrpc.php
Not Found: /blog/wp-includes/wlwmanifest.xml
Not Found: /web/wp-includes/wlwmanifest.xml
Not Found: /wordpress/wp-includes/wlwmanifest.xml
Not Found: /website/wp-includes/wlwmanifest.xml
Not Found: /wp/wp-includes/wlwmanifest.xml
Not Found: /news/wp-includes/wlwmanifest.xml
Not Found: /2018/wp-includes/wlwmanifest.xml
Not Found: /2019/wp-includes/wlwmanifest.xml
Not Found: /shop/wp-includes/wlwmanifest.xml
Not Found: /wp1/wp-includes/wlwmanifest.xml
Not Found: /test/wp-includes/wlwmanifest.xml
Not Found: /media/wp-includes/wlwmanifest.xml
Not Found: /wp2/wp-includes/wlwmanifest.xml
Not Found: /site/wp-includes/wlwmanifest.xml
Not Found: /cms/wp-includes/wlwmanifest.xml
Not Found: /sito/wp-includes/wlwmanifest.xml
Not Found: //cdn.js
Not Found: /dist/cdn.min.js
Not Found: /dist/cdn.min.js
Not Found: //cdn.js
Not Found: //cdn.js
Not Found: /dist/cdn.min.js
Not Found: //cdn.js
Not Found: /dist/cdn.min.js
2
2
2
2
2
2
Not Found: /favicon.ico
2
2
2
2
2
2
2
2
2
2
2
2
2
2
2
2
2
Not Found: /favicon.ico
2
2
2
2
2
2
2
2
2
Not Found: /favicon.ico
Not Found: /favicon.ico
2
2
2
Not Found: /robots.txt
Not Found: /media/system/js/core.js
Not Found: /wp-includes/js/jquery/jquery.js
Not Found: /wp-admin/setup-config.php
Not Found: /wp-admin/setup-config.php
Not Found: /wordpress/wp-admin/setup-config.php
Not Found: /wordpress/wp-admin/setup-config.php
Not Found: /favicon.ico
